<?xml version="1.0" encoding="UTF-8"?>
<!-- Generated by org.testng.reporters.JUnitXMLReporter -->
<testsuite ignored="0" hostname="Bharadwaj" failures="1" tests="1" name="edge" time="186.98" errors="0" timestamp="2024-09-06T10:06:56 IST">
  <testcase classname="testCases.TC_001_AccountRegistrationTest" name="verify_account_registeration" time="0.608">
    <failure type="java.lang.AssertionError" message="Test failed...stale element reference: stale element not found
  (Session info: MicrosoftEdge=128.0.2739.63)
For documentation on this error, please visit: https://www.selenium.dev/documentation/webdriver/troubleshooting/errors#stale-element-reference-exception
Build info: version: &amp;apos;4.23.1&amp;apos;, revision: &amp;apos;656257d8e9&amp;apos;
System info: os.name: &amp;apos;Windows 11&amp;apos;, os.arch: &amp;apos;amd64&amp;apos;, os.version: &amp;apos;10.0&amp;apos;, java.version: &amp;apos;17.0.9&amp;apos;
Driver info: org.openqa.selenium.remote.RemoteWebDriver
Command: [88e5fccc44b7a3e777ebde888b005a70, executeScript {script=arguments[0].click(), args=[{element-6066-11e4-a52e-4f735466cecf=f.8CB51AF760AE8194ADA37539B7EB587C.d.D0CEEAA1343AFDF2C1C973DAF9A605EA.e.19}]}]
Capabilities {acceptInsecureCerts: false, browserName: MicrosoftEdge, browserVersion: 128.0.2739.63, fedcm:accounts: true, ms:edgeOptions: {debuggerAddress: localhost:65140}, msedge: {msedgedriverVersion: 128.0.2739.63 (6ff765a876b3..., userDataDir: C:\Users\bhara\AppData\Loca...}, networkConnectionEnabled: false, pageLoadStrategy: normal, platformName: Windows 11, proxy: Proxy(), se:bidiEnabled: false, se:cdp: ws://192.168.0.145:4444/ses..., se:cdpVersion: 128.0.2739.63, setWindowRect: true, strictFileInteractability: false, timeouts: {implicit: 0, pageLoad: 300000, script: 30000}, unhandledPromptBehavior: dismiss and notify, webauthn:extension:credBlob: true, webauthn:extension:largeBlob: true, webauthn:extension:minPinLength: true, webauthn:extension:prf: true, webauthn:virtualAuthenticators: true}
Session ID: 88e5fccc44b7a3e777ebde888b005a70">
      <![CDATA[java.lang.AssertionError: Test failed...stale element reference: stale element not found
  (Session info: MicrosoftEdge=128.0.2739.63)
For documentation on this error, please visit: https://www.selenium.dev/documentation/webdriver/troubleshooting/errors#stale-element-reference-exception
Build info: version: '4.23.1', revision: '656257d8e9'
System info: os.name: 'Windows 11', os.arch: 'amd64', os.version: '10.0', java.version: '17.0.9'
Driver info: org.openqa.selenium.remote.RemoteWebDriver
Command: [88e5fccc44b7a3e777ebde888b005a70, executeScript {script=arguments[0].click(), args=[{element-6066-11e4-a52e-4f735466cecf=f.8CB51AF760AE8194ADA37539B7EB587C.d.D0CEEAA1343AFDF2C1C973DAF9A605EA.e.19}]}]
Capabilities {acceptInsecureCerts: false, browserName: MicrosoftEdge, browserVersion: 128.0.2739.63, fedcm:accounts: true, ms:edgeOptions: {debuggerAddress: localhost:65140}, msedge: {msedgedriverVersion: 128.0.2739.63 (6ff765a876b3..., userDataDir: C:\Users\bhara\AppData\Loca...}, networkConnectionEnabled: false, pageLoadStrategy: normal, platformName: Windows 11, proxy: Proxy(), se:bidiEnabled: false, se:cdp: ws://192.168.0.145:4444/ses..., se:cdpVersion: 128.0.2739.63, setWindowRect: true, strictFileInteractability: false, timeouts: {implicit: 0, pageLoad: 300000, script: 30000}, unhandledPromptBehavior: dismiss and notify, webauthn:extension:credBlob: true, webauthn:extension:largeBlob: true, webauthn:extension:minPinLength: true, webauthn:extension:prf: true, webauthn:virtualAuthenticators: true}
Session ID: 88e5fccc44b7a3e777ebde888b005a70
at testCases.TC_001_AccountRegistrationTest.verify_account_registeration(TC_001_AccountRegistrationTest.java:47)
at java.base/java.util.ArrayList.forEach(ArrayList.java:1511)
at java.base/java.util.concurrent.FutureTask.run(FutureTask.java:264)
at java.base/java.util.concurrent.ThreadPoolExecutor.runWorker(ThreadPoolExecutor.java:1136)
at java.base/java.util.concurrent.ThreadPoolExecutor$Worker.run(ThreadPoolExecutor.java:635)
at java.base/java.lang.Thread.run(Thread.java:840)
... Removed 18 stack frames]]>
    </failure>
  </testcase> <!-- verify_account_registeration -->
</testsuite> <!-- edge -->
