<?xml version="1.0" encoding="UTF-8"?>
<!-- Generated by org.testng.reporters.JUnitXMLReporter -->
<testsuite ignored="0" hostname="Bharadwaj" failures="1" tests="2" name="Linux-Chrome" time="24.916" errors="0" timestamp="2024-09-06T20:51:09 IST">
  <testcase classname="testCases.TC_001_AccountRegistrationTest" name="verify_account_registeration" time="4.446"/>
  <testcase classname="testCases.TC_002_LoginTest" name="verify_login_page" time="11.291">
    <failure type="java.lang.AssertionError" message="login failed expected [true] but found [false]">
      <![CDATA[java.lang.AssertionError: login failed expected [true] but found [false]
at testCases.TC_002_LoginTest.verify_login_page(TC_002_LoginTest.java:35)
at java.base/java.util.ArrayList.forEach(ArrayList.java:1511)
... Removed 33 stack frames]]>
    </failure>
  </testcase> <!-- verify_login_page -->
</testsuite> <!-- Linux-Chrome -->
